<?xml version="1.0" encoding="UTF-8"?>
<!-- Generated by org.testng.reporters.JUnitReportReporter -->
<testsuite hostname="EGCA1-0091" failures="0" tests="4" name="main.Start" time="27.515" errors="0" timestamp="2022-03-14T16:13:00 EET" skipped="0">
  <testcase classname="main.Start" name="startApplication" time="23.314"/>
  <system-out/>
  <testcase classname="main.Start" name="checkRadioButtons" time="0.729"/>
  <system-out/>
  <testcase classname="main.Start" name="checkSuggestionClassNameSection" time="2.608"/>
  <system-out/>
  <testcase classname="main.Start" name="checkDropdownSection" time="0.864"/>
  <system-out/>
</testsuite> <!-- main.Start -->
